# JRE version: OpenJDK Runtime Environment AdoptOpenJDK-dcevm-11.0.11+1-202105021746 (11.0.11+1) (build 11.0.11+1-202105021746)
# Java VM: Dynamic Code Evolution 64-Bit Server VM AdoptOpenJDK-dcevm-11.0.11+1-202105021746 (11.0.11+1-202105021746, mixed mode, tiered, compressed oops, g1 gc, windows-amd64)
Heap:
 garbage-first heap   total 262144K, used 71620K [0x0000000700c00000, 0x0000000800000000)
  region size 1024K, 34 young (34816K), 4 survivors (4096K)
 Metaspace       used 76755K, capacity 81187K, committed 81444K, reserved 1118208K
  class space    used 11904K, capacity 13275K, committed 13312K, reserved 1048576K
GC Heap History (20 events):
Event: 6323.877 GC heap before
{Heap before GC invocations=19 (full 0):
 garbage-first heap   total 262144K, used 191452K [0x0000000700c00000, 0x0000000800000000)
  region size 1024K, 153 young (156672K), 6 survivors (6144K)
 Metaspace       used 73566K, capacity 76312K, committed 76580K, reserved 1114112K
  class space    used 11126K, capacity 12007K, committed 12032K, reserved 1048576K
}
Event: 6323.884 GC heap after
{Heap after GC invocations=20 (full 0):
 garbage-first heap   total 262144K, used 40868K [0x0000000700c00000, 0x0000000800000000)
  region size 1024K, 6 young (6144K), 6 survivors (6144K)
 Metaspace       used 73566K, capacity 76312K, committed 76580K, reserved 1114112K
  class space    used 11126K, capacity 12007K, committed 12032K, reserved 1048576K
}
Event: 6954.287 GC heap before
{Heap before GC invocations=20 (full 0):
 garbage-first heap   total 262144K, used 191396K [0x0000000700c00000, 0x0000000800000000)
  region size 1024K, 153 young (156672K), 6 survivors (6144K)
 Metaspace       used 73572K, capacity 76312K, committed 76580K, reserved 1114112K
  class space    used 11126K, capacity 12007K, committed 12032K, reserved 1048576K
}
Event: 6954.292 GC heap after
{Heap after GC invocations=21 (full 0):
 garbage-first heap   total 262144K, used 40994K [0x0000000700c00000, 0x0000000800000000)
  region size 1024K, 6 young (6144K), 6 survivors (6144K)
 Metaspace       used 73572K, capacity 76312K, committed 76580K, reserved 1114112K
  class space    used 11126K, capacity 12007K, committed 12032K, reserved 1048576K
}
Event: 7512.405 GC heap before
{Heap before GC invocations=21 (full 0):
 garbage-first heap   total 262144K, used 190498K [0x0000000700c00000, 0x0000000800000000)
  region size 1024K, 153 young (156672K), 6 survivors (6144K)
 Metaspace       used 74011K, capacity 76930K, committed 76964K, reserved 1114112K
  class space    used 11201K, capacity 12153K, committed 12160K, reserved 1048576K
}
Event: 7512.410 GC heap after
{Heap after GC invocations=22 (full 0):
 garbage-first heap   total 262144K, used 41263K [0x0000000700c00000, 0x0000000800000000)
  region size 1024K, 7 young (7168K), 7 survivors (7168K)
 Metaspace       used 74011K, capacity 76930K, committed 76964K, reserved 1114112K
  class space    used 11201K, capacity 12153K, committed 12160K, reserved 1048576K
}
Event: 8088.411 GC heap before
{Heap before GC invocations=22 (full 0):
 garbage-first heap   total 262144K, used 190767K [0x0000000700c00000, 0x0000000800000000)
  region size 1024K, 153 young (156672K), 7 survivors (7168K)
 Metaspace       used 74056K, capacity 76994K, committed 77220K, reserved 1114112K
  class space    used 11202K, capacity 12153K, committed 12160K, reserved 1048576K
}
Event: 8088.416 GC heap after
{Heap after GC invocations=23 (full 0):
 garbage-first heap   total 262144K, used 41123K [0x0000000700c00000, 0x0000000800000000)
  region size 1024K, 7 young (7168K), 7 survivors (7168K)
 Metaspace       used 74056K, capacity 76994K, committed 77220K, reserved 1114112K
  class space    used 11202K, capacity 12153K, committed 12160K, reserved 1048576K
}
Event: 8592.826 GC heap before
{Heap before GC invocations=23 (full 0):
 garbage-first heap   total 262144K, used 190627K [0x0000000700c00000, 0x0000000800000000)
  region size 1024K, 153 young (156672K), 7 survivors (7168K)
 Metaspace       used 75007K, capacity 78432K, committed 78756K, reserved 1116160K
  class space    used 11453K, capacity 12555K, committed 12672K, reserved 1048576K
}
Event: 8592.832 GC heap after
{Heap after GC invocations=24 (full 0):
 garbage-first heap   total 262144K, used 41206K [0x0000000700c00000, 0x0000000800000000)
  region size 1024K, 7 young (7168K), 7 survivors (7168K)
 Metaspace       used 75007K, capacity 78432K, committed 78756K, reserved 1116160K
  class space    used 11453K, capacity 12555K, committed 12672K, reserved 1048576K
}
Event: 9181.943 GC heap before
{Heap before GC invocations=24 (full 0):
 garbage-first heap   total 262144K, used 190710K [0x0000000700c00000, 0x0000000800000000)
  region size 1024K, 153 young (156672K), 7 survivors (7168K)
 Metaspace       used 75187K, capacity 78683K, committed 78756K, reserved 1116160K
  class space    used 11486K, capacity 12609K, committed 12672K, reserved 1048576K
}
Event: 9181.951 GC heap after
{Heap after GC invocations=25 (full 0):
 garbage-first heap   total 262144K, used 41491K [0x0000000700c00000, 0x0000000800000000)
  region size 1024K, 7 young (7168K), 7 survivors (7168K)
 Metaspace       used 75187K, capacity 78683K, committed 78756K, reserved 1116160K
  class space    used 11486K, capacity 12609K, committed 12672K, reserved 1048576K
}
Event: 9804.160 GC heap before
{Heap before GC invocations=25 (full 0):
 garbage-first heap   total 262144K, used 190995K [0x0000000700c00000, 0x0000000800000000)
  region size 1024K, 153 young (156672K), 7 survivors (7168K)
 Metaspace       used 75214K, capacity 78747K, committed 79012K, reserved 1116160K
  class space    used 11487K, capacity 12609K, committed 12672K, reserved 1048576K
}
Event: 9804.167 GC heap after
{Heap after GC invocations=26 (full 0):
 garbage-first heap   total 262144K, used 41438K [0x0000000700c00000, 0x0000000800000000)
  region size 1024K, 7 young (7168K), 7 survivors (7168K)
 Metaspace       used 75214K, capacity 78747K, committed 79012K, reserved 1116160K
  class space    used 11487K, capacity 12609K, committed 12672K, reserved 1048576K
}
Event: 10385.879 GC heap before
{Heap before GC invocations=26 (full 0):
 garbage-first heap   total 262144K, used 190942K [0x0000000700c00000, 0x0000000800000000)
  region size 1024K, 153 young (156672K), 7 survivors (7168K)
 Metaspace       used 75620K, capacity 79380K, committed 79652K, reserved 1116160K
  class space    used 11597K, capacity 12782K, committed 12800K, reserved 1048576K
}
Event: 10385.885 GC heap after
{Heap after GC invocations=27 (full 0):
 garbage-first heap   total 262144K, used 41791K [0x0000000700c00000, 0x0000000800000000)
  region size 1024K, 5 young (5120K), 5 survivors (5120K)
 Metaspace       used 75620K, capacity 79380K, committed 79652K, reserved 1116160K
  class space    used 11597K, capacity 12782K, committed 12800K, reserved 1048576K
}
Event: 10964.522 GC heap before
{Heap before GC invocations=27 (full 0):
 garbage-first heap   total 262144K, used 193343K [0x0000000700c00000, 0x0000000800000000)
  region size 1024K, 153 young (156672K), 5 survivors (5120K)
 Metaspace       used 76292K, capacity 80359K, committed 80548K, reserved 1116160K
  class space    used 11776K, capacity 13071K, committed 13184K, reserved 1048576K
}
Event: 10964.529 GC heap after
{Heap after GC invocations=28 (full 0):
 garbage-first heap   total 262144K, used 41941K [0x0000000700c00000, 0x0000000800000000)
  region size 1024K, 4 young (4096K), 4 survivors (4096K)
 Metaspace       used 76292K, capacity 80359K, committed 80548K, reserved 1116160K
  class space    used 11776K, capacity 13071K, committed 13184K, reserved 1048576K
}
Event: 11559.489 GC heap before
{Heap before GC invocations=28 (full 0):
 garbage-first heap   total 262144K, used 194517K [0x0000000700c00000, 0x0000000800000000)
  region size 1024K, 153 young (156672K), 4 survivors (4096K)
 Metaspace       used 76600K, capacity 80822K, committed 80932K, reserved 1118208K
  class space    used 11861K, capacity 13206K, committed 13312K, reserved 1048576K
}
Event: 11559.496 GC heap after
{Heap after GC invocations=29 (full 0):
 garbage-first heap   total 262144K, used 41924K [0x0000000700c00000, 0x0000000800000000)
  region size 1024K, 4 young (4096K), 4 survivors (4096K)
 Metaspace       used 76600K, capacity 80822K, committed 80932K, reserved 1118208K
  class space    used 11861K, capacity 13206K, committed 13312K, reserved 1048576K
}

