# JRE version: OpenJDK Runtime Environment AdoptOpenJDK-dcevm-11.0.11+1-202105021746 (11.0.11+1) (build 11.0.11+1-202105021746)
# Java VM: Dynamic Code Evolution 64-Bit Server VM AdoptOpenJDK-dcevm-11.0.11+1-202105021746 (11.0.11+1-202105021746, mixed mode, tiered, compressed oops, g1 gc, windows-amd64)
Heap:
 garbage-first heap   total 262144K, used 112976K [0x0000000700c00000, 0x0000000800000000)
  region size 1024K, 77 young (78848K), 2 survivors (2048K)
 Metaspace       used 71939K, capacity 73731K, committed 73892K, reserved 1112064K
  class space    used 10678K, capacity 11290K, committed 11392K, reserved 1048576K
GC Heap History (20 events):
Event: 13886.194 GC heap before
{Heap before GC invocations=32 (full 0):
 garbage-first heap   total 262144K, used 192809K [0x0000000700c00000, 0x0000000800000000)
  region size 1024K, 153 young (156672K), 2 survivors (2048K)
 Metaspace       used 69990K, capacity 71672K, committed 71844K, reserved 1110016K
  class space    used 10468K, capacity 11042K, committed 11136K, reserved 1048576K
}
Event: 13886.200 GC heap after
{Heap after GC invocations=33 (full 0):
 garbage-first heap   total 262144K, used 38149K [0x0000000700c00000, 0x0000000800000000)
  region size 1024K, 2 young (2048K), 2 survivors (2048K)
 Metaspace       used 69990K, capacity 71672K, committed 71844K, reserved 1110016K
  class space    used 10468K, capacity 11042K, committed 11136K, reserved 1048576K
}
Event: 14521.217 GC heap before
{Heap before GC invocations=33 (full 0):
 garbage-first heap   total 262144K, used 192773K [0x0000000700c00000, 0x0000000800000000)
  region size 1024K, 153 young (156672K), 2 survivors (2048K)
 Metaspace       used 69992K, capacity 71672K, committed 71844K, reserved 1110016K
  class space    used 10468K, capacity 11042K, committed 11136K, reserved 1048576K
}
Event: 14521.223 GC heap after
{Heap after GC invocations=34 (full 0):
 garbage-first heap   total 262144K, used 38127K [0x0000000700c00000, 0x0000000800000000)
  region size 1024K, 2 young (2048K), 2 survivors (2048K)
 Metaspace       used 69992K, capacity 71672K, committed 71844K, reserved 1110016K
  class space    used 10468K, capacity 11042K, committed 11136K, reserved 1048576K
}
Event: 15155.991 GC heap before
{Heap before GC invocations=34 (full 0):
 garbage-first heap   total 262144K, used 192751K [0x0000000700c00000, 0x0000000800000000)
  region size 1024K, 153 young (156672K), 2 survivors (2048K)
 Metaspace       used 70011K, capacity 71672K, committed 71844K, reserved 1110016K
  class space    used 10468K, capacity 11042K, committed 11136K, reserved 1048576K
}
Event: 15155.997 GC heap after
{Heap after GC invocations=35 (full 0):
 garbage-first heap   total 262144K, used 38139K [0x0000000700c00000, 0x0000000800000000)
  region size 1024K, 2 young (2048K), 2 survivors (2048K)
 Metaspace       used 70011K, capacity 71672K, committed 71844K, reserved 1110016K
  class space    used 10468K, capacity 11042K, committed 11136K, reserved 1048576K
}
Event: 15791.002 GC heap before
{Heap before GC invocations=35 (full 0):
 garbage-first heap   total 262144K, used 192763K [0x0000000700c00000, 0x0000000800000000)
  region size 1024K, 153 young (156672K), 2 survivors (2048K)
 Metaspace       used 70018K, capacity 71672K, committed 71844K, reserved 1110016K
  class space    used 10468K, capacity 11042K, committed 11136K, reserved 1048576K
}
Event: 15791.009 GC heap after
{Heap after GC invocations=36 (full 0):
 garbage-first heap   total 262144K, used 38144K [0x0000000700c00000, 0x0000000800000000)
  region size 1024K, 2 young (2048K), 2 survivors (2048K)
 Metaspace       used 70018K, capacity 71672K, committed 71844K, reserved 1110016K
  class space    used 10468K, capacity 11042K, committed 11136K, reserved 1048576K
}
Event: 16425.752 GC heap before
{Heap before GC invocations=36 (full 0):
 garbage-first heap   total 262144K, used 192768K [0x0000000700c00000, 0x0000000800000000)
  region size 1024K, 153 young (156672K), 2 survivors (2048K)
 Metaspace       used 70018K, capacity 71672K, committed 71844K, reserved 1110016K
  class space    used 10468K, capacity 11042K, committed 11136K, reserved 1048576K
}
Event: 16425.758 GC heap after
{Heap after GC invocations=37 (full 0):
 garbage-first heap   total 262144K, used 38144K [0x0000000700c00000, 0x0000000800000000)
  region size 1024K, 2 young (2048K), 2 survivors (2048K)
 Metaspace       used 70018K, capacity 71672K, committed 71844K, reserved 1110016K
  class space    used 10468K, capacity 11042K, committed 11136K, reserved 1048576K
}
Event: 17060.707 GC heap before
{Heap before GC invocations=37 (full 0):
 garbage-first heap   total 262144K, used 192768K [0x0000000700c00000, 0x0000000800000000)
  region size 1024K, 153 young (156672K), 2 survivors (2048K)
 Metaspace       used 70018K, capacity 71672K, committed 71844K, reserved 1110016K
  class space    used 10468K, capacity 11042K, committed 11136K, reserved 1048576K
}
Event: 17060.713 GC heap after
{Heap after GC invocations=38 (full 0):
 garbage-first heap   total 262144K, used 38141K [0x0000000700c00000, 0x0000000800000000)
  region size 1024K, 2 young (2048K), 2 survivors (2048K)
 Metaspace       used 70018K, capacity 71672K, committed 71844K, reserved 1110016K
  class space    used 10468K, capacity 11042K, committed 11136K, reserved 1048576K
}
Event: 17695.678 GC heap before
{Heap before GC invocations=38 (full 0):
 garbage-first heap   total 262144K, used 192765K [0x0000000700c00000, 0x0000000800000000)
  region size 1024K, 153 young (156672K), 2 survivors (2048K)
 Metaspace       used 70018K, capacity 71672K, committed 71844K, reserved 1110016K
  class space    used 10468K, capacity 11042K, committed 11136K, reserved 1048576K
}
Event: 17695.684 GC heap after
{Heap after GC invocations=39 (full 0):
 garbage-first heap   total 262144K, used 38150K [0x0000000700c00000, 0x0000000800000000)
  region size 1024K, 2 young (2048K), 2 survivors (2048K)
 Metaspace       used 70018K, capacity 71672K, committed 71844K, reserved 1110016K
  class space    used 10468K, capacity 11042K, committed 11136K, reserved 1048576K
}
Event: 18330.804 GC heap before
{Heap before GC invocations=39 (full 0):
 garbage-first heap   total 262144K, used 192774K [0x0000000700c00000, 0x0000000800000000)
  region size 1024K, 153 young (156672K), 2 survivors (2048K)
 Metaspace       used 70018K, capacity 71672K, committed 71844K, reserved 1110016K
  class space    used 10468K, capacity 11042K, committed 11136K, reserved 1048576K
}
Event: 18330.810 GC heap after
{Heap after GC invocations=40 (full 0):
 garbage-first heap   total 262144K, used 38126K [0x0000000700c00000, 0x0000000800000000)
  region size 1024K, 2 young (2048K), 2 survivors (2048K)
 Metaspace       used 70018K, capacity 71672K, committed 71844K, reserved 1110016K
  class space    used 10468K, capacity 11042K, committed 11136K, reserved 1048576K
}
Event: 18965.641 GC heap before
{Heap before GC invocations=40 (full 0):
 garbage-first heap   total 262144K, used 192750K [0x0000000700c00000, 0x0000000800000000)
  region size 1024K, 153 young (156672K), 2 survivors (2048K)
 Metaspace       used 70022K, capacity 71672K, committed 71844K, reserved 1110016K
  class space    used 10468K, capacity 11042K, committed 11136K, reserved 1048576K
}
Event: 18965.648 GC heap after
{Heap after GC invocations=41 (full 0):
 garbage-first heap   total 262144K, used 38158K [0x0000000700c00000, 0x0000000800000000)
  region size 1024K, 1 young (1024K), 1 survivors (1024K)
 Metaspace       used 70022K, capacity 71672K, committed 71844K, reserved 1110016K
  class space    used 10468K, capacity 11042K, committed 11136K, reserved 1048576K
}
Event: 19604.470 GC heap before
{Heap before GC invocations=41 (full 0):
 garbage-first heap   total 262144K, used 193806K [0x0000000700c00000, 0x0000000800000000)
  region size 1024K, 153 young (156672K), 1 survivors (1024K)
 Metaspace       used 70022K, capacity 71672K, committed 71844K, reserved 1110016K
  class space    used 10468K, capacity 11042K, committed 11136K, reserved 1048576K
}
Event: 19604.478 GC heap after
{Heap after GC invocations=42 (full 0):
 garbage-first heap   total 262144K, used 38224K [0x0000000700c00000, 0x0000000800000000)
  region size 1024K, 2 young (2048K), 2 survivors (2048K)
 Metaspace       used 70022K, capacity 71672K, committed 71844K, reserved 1110016K
  class space    used 10468K, capacity 11042K, committed 11136K, reserved 1048576K
}

