# JRE version: OpenJDK Runtime Environment AdoptOpenJDK-dcevm-11.0.11+1-202105021746 (11.0.11+1) (build 11.0.11+1-202105021746)
# Java VM: Dynamic Code Evolution 64-Bit Server VM AdoptOpenJDK-dcevm-11.0.11+1-202105021746 (11.0.11+1-202105021746, mixed mode, tiered, compressed oops, g1 gc, windows-amd64)
Heap:
 garbage-first heap   total 262144K, used 93206K [0x0000000700c00000, 0x0000000800000000)
  region size 1024K, 53 young (54272K), 3 survivors (3072K)
 Metaspace       used 80990K, capacity 86656K, committed 86912K, reserved 1122304K
  class space    used 12689K, capacity 14460K, committed 14464K, reserved 1048576K
GC Heap History (20 events):
Event: 32101.685 GC heap before
{Heap before GC invocations=65 (full 0):
 garbage-first heap   total 262144K, used 194274K [0x0000000700c00000, 0x0000000800000000)
  region size 1024K, 153 young (156672K), 5 survivors (5120K)
 Metaspace       used 80061K, capacity 85176K, committed 85376K, reserved 1120256K
  class space    used 12451K, capacity 14083K, committed 14208K, reserved 1048576K
}
Event: 32101.692 GC heap after
{Heap after GC invocations=66 (full 0):
 garbage-first heap   total 262144K, used 42735K [0x0000000700c00000, 0x0000000800000000)
  region size 1024K, 5 young (5120K), 5 survivors (5120K)
 Metaspace       used 80061K, capacity 85176K, committed 85376K, reserved 1120256K
  class space    used 12451K, capacity 14083K, committed 14208K, reserved 1048576K
}
Event: 32722.771 GC heap before
{Heap before GC invocations=66 (full 0):
 garbage-first heap   total 262144K, used 194287K [0x0000000700c00000, 0x0000000800000000)
  region size 1024K, 153 young (156672K), 5 survivors (5120K)
 Metaspace       used 80061K, capacity 85176K, committed 85376K, reserved 1120256K
  class space    used 12451K, capacity 14083K, committed 14208K, reserved 1048576K
}
Event: 32722.777 GC heap after
{Heap after GC invocations=67 (full 0):
 garbage-first heap   total 262144K, used 42829K [0x0000000700c00000, 0x0000000800000000)
  region size 1024K, 5 young (5120K), 5 survivors (5120K)
 Metaspace       used 80061K, capacity 85176K, committed 85376K, reserved 1120256K
  class space    used 12451K, capacity 14083K, committed 14208K, reserved 1048576K
}
Event: 33327.993 GC heap before
{Heap before GC invocations=67 (full 0):
 garbage-first heap   total 262144K, used 194381K [0x0000000700c00000, 0x0000000800000000)
  region size 1024K, 153 young (156672K), 5 survivors (5120K)
 Metaspace       used 80061K, capacity 85176K, committed 85376K, reserved 1120256K
  class space    used 12451K, capacity 14083K, committed 14208K, reserved 1048576K
}
Event: 33327.999 GC heap after
{Heap after GC invocations=68 (full 0):
 garbage-first heap   total 262144K, used 42798K [0x0000000700c00000, 0x0000000800000000)
  region size 1024K, 4 young (4096K), 4 survivors (4096K)
 Metaspace       used 80061K, capacity 85176K, committed 85376K, reserved 1120256K
  class space    used 12451K, capacity 14083K, committed 14208K, reserved 1048576K
}
Event: 33953.640 GC heap before
{Heap before GC invocations=68 (full 0):
 garbage-first heap   total 262144K, used 195374K [0x0000000700c00000, 0x0000000800000000)
  region size 1024K, 153 young (156672K), 4 survivors (4096K)
 Metaspace       used 80061K, capacity 85176K, committed 85376K, reserved 1120256K
  class space    used 12451K, capacity 14083K, committed 14208K, reserved 1048576K
}
Event: 33953.647 GC heap after
{Heap after GC invocations=69 (full 0):
 garbage-first heap   total 262144K, used 42833K [0x0000000700c00000, 0x0000000800000000)
  region size 1024K, 4 young (4096K), 4 survivors (4096K)
 Metaspace       used 80061K, capacity 85176K, committed 85376K, reserved 1120256K
  class space    used 12451K, capacity 14083K, committed 14208K, reserved 1048576K
}
Event: 34578.296 GC heap before
{Heap before GC invocations=69 (full 0):
 garbage-first heap   total 262144K, used 195409K [0x0000000700c00000, 0x0000000800000000)
  region size 1024K, 153 young (156672K), 4 survivors (4096K)
 Metaspace       used 80061K, capacity 85176K, committed 85376K, reserved 1120256K
  class space    used 12451K, capacity 14083K, committed 14208K, reserved 1048576K
}
Event: 34578.303 GC heap after
{Heap after GC invocations=70 (full 0):
 garbage-first heap   total 262144K, used 42775K [0x0000000700c00000, 0x0000000800000000)
  region size 1024K, 4 young (4096K), 4 survivors (4096K)
 Metaspace       used 80061K, capacity 85176K, committed 85376K, reserved 1120256K
  class space    used 12451K, capacity 14083K, committed 14208K, reserved 1048576K
}
Event: 35203.271 GC heap before
{Heap before GC invocations=70 (full 0):
 garbage-first heap   total 262144K, used 195351K [0x0000000700c00000, 0x0000000800000000)
  region size 1024K, 153 young (156672K), 4 survivors (4096K)
 Metaspace       used 80061K, capacity 85176K, committed 85376K, reserved 1120256K
  class space    used 12451K, capacity 14083K, committed 14208K, reserved 1048576K
}
Event: 35203.277 GC heap after
{Heap after GC invocations=71 (full 0):
 garbage-first heap   total 262144K, used 42684K [0x0000000700c00000, 0x0000000800000000)
  region size 1024K, 4 young (4096K), 4 survivors (4096K)
 Metaspace       used 80061K, capacity 85176K, committed 85376K, reserved 1120256K
  class space    used 12451K, capacity 14083K, committed 14208K, reserved 1048576K
}
Event: 35769.663 GC heap before
{Heap before GC invocations=71 (full 0):
 garbage-first heap   total 262144K, used 195260K [0x0000000700c00000, 0x0000000800000000)
  region size 1024K, 153 young (156672K), 4 survivors (4096K)
 Metaspace       used 80173K, capacity 85324K, committed 85632K, reserved 1120256K
  class space    used 12482K, capacity 14126K, committed 14208K, reserved 1048576K
}
Event: 35769.669 GC heap after
{Heap after GC invocations=72 (full 0):
 garbage-first heap   total 262144K, used 42584K [0x0000000700c00000, 0x0000000800000000)
  region size 1024K, 4 young (4096K), 4 survivors (4096K)
 Metaspace       used 80173K, capacity 85324K, committed 85632K, reserved 1120256K
  class space    used 12482K, capacity 14126K, committed 14208K, reserved 1048576K
}
Event: 36379.015 GC heap before
{Heap before GC invocations=72 (full 0):
 garbage-first heap   total 262144K, used 195160K [0x0000000700c00000, 0x0000000800000000)
  region size 1024K, 153 young (156672K), 4 survivors (4096K)
 Metaspace       used 80173K, capacity 85324K, committed 85632K, reserved 1120256K
  class space    used 12482K, capacity 14126K, committed 14208K, reserved 1048576K
}
Event: 36379.022 GC heap after
{Heap after GC invocations=73 (full 0):
 garbage-first heap   total 262144K, used 42764K [0x0000000700c00000, 0x0000000800000000)
  region size 1024K, 3 young (3072K), 3 survivors (3072K)
 Metaspace       used 80173K, capacity 85324K, committed 85632K, reserved 1120256K
  class space    used 12482K, capacity 14126K, committed 14208K, reserved 1048576K
}
Event: 36881.937 GC heap before
{Heap before GC invocations=73 (full 0):
 garbage-first heap   total 262144K, used 195340K [0x0000000700c00000, 0x0000000800000000)
  region size 1024K, 153 young (156672K), 3 survivors (3072K)
 Metaspace       used 80368K, capacity 85667K, committed 85888K, reserved 1120256K
  class space    used 12520K, capacity 14189K, committed 14208K, reserved 1048576K
}
Event: 36881.944 GC heap after
{Heap after GC invocations=74 (full 0):
 garbage-first heap   total 262144K, used 42899K [0x0000000700c00000, 0x0000000800000000)
  region size 1024K, 3 young (3072K), 3 survivors (3072K)
 Metaspace       used 80368K, capacity 85667K, committed 85888K, reserved 1120256K
  class space    used 12520K, capacity 14189K, committed 14208K, reserved 1048576K
}
Event: 37419.526 GC heap before
{Heap before GC invocations=74 (full 0):
 garbage-first heap   total 262144K, used 196499K [0x0000000700c00000, 0x0000000800000000)
  region size 1024K, 153 young (156672K), 3 survivors (3072K)
 Metaspace       used 80946K, capacity 86587K, committed 86656K, reserved 1122304K
  class space    used 12674K, capacity 14437K, committed 14464K, reserved 1048576K
}
Event: 37419.534 GC heap after
{Heap after GC invocations=75 (full 0):
 garbage-first heap   total 262144K, used 43030K [0x0000000700c00000, 0x0000000800000000)
  region size 1024K, 3 young (3072K), 3 survivors (3072K)
 Metaspace       used 80946K, capacity 86587K, committed 86656K, reserved 1122304K
  class space    used 12674K, capacity 14437K, committed 14464K, reserved 1048576K
}

