# JRE version: OpenJDK Runtime Environment AdoptOpenJDK-dcevm-11.0.11+1-202105021746 (11.0.11+1) (build 11.0.11+1-202105021746)
# Java VM: Dynamic Code Evolution 64-Bit Server VM AdoptOpenJDK-dcevm-11.0.11+1-202105021746 (11.0.11+1-202105021746, mixed mode, tiered, compressed oops, g1 gc, windows-amd64)
Heap:
 garbage-first heap   total 262144K, used 135530K [0x0000000700c00000, 0x0000000800000000)
  region size 1024K, 100 young (102400K), 6 survivors (6144K)
 Metaspace       used 74047K, capacity 75957K, committed 76028K, reserved 1114112K
  class space    used 10917K, capacity 11569K, committed 11596K, reserved 1048576K
GC Heap History (20 events):
Event: 8700.450 GC heap before
{Heap before GC invocations=40 (full 0):
 garbage-first heap   total 262144K, used 190516K [0x0000000700c00000, 0x0000000800000000)
  region size 1024K, 153 young (156672K), 7 survivors (7168K)
 Metaspace       used 68631K, capacity 69195K, committed 69372K, reserved 1107968K
  class space    used 10063K, capacity 10291K, committed 10316K, reserved 1048576K
}
Event: 8700.456 GC heap after
{Heap after GC invocations=41 (full 0):
 garbage-first heap   total 262144K, used 41136K [0x0000000700c00000, 0x0000000800000000)
  region size 1024K, 7 young (7168K), 7 survivors (7168K)
 Metaspace       used 68631K, capacity 69195K, committed 69372K, reserved 1107968K
  class space    used 10063K, capacity 10291K, committed 10316K, reserved 1048576K
}
Event: 9310.097 GC heap before
{Heap before GC invocations=41 (full 0):
 garbage-first heap   total 262144K, used 190640K [0x0000000700c00000, 0x0000000800000000)
  region size 1024K, 153 young (156672K), 7 survivors (7168K)
 Metaspace       used 68632K, capacity 69195K, committed 69372K, reserved 1107968K
  class space    used 10063K, capacity 10291K, committed 10316K, reserved 1048576K
}
Event: 9310.103 GC heap after
{Heap after GC invocations=42 (full 0):
 garbage-first heap   total 262144K, used 41169K [0x0000000700c00000, 0x0000000800000000)
  region size 1024K, 7 young (7168K), 7 survivors (7168K)
 Metaspace       used 68632K, capacity 69195K, committed 69372K, reserved 1107968K
  class space    used 10063K, capacity 10291K, committed 10316K, reserved 1048576K
}
Event: 9921.557 GC heap before
{Heap before GC invocations=42 (full 0):
 garbage-first heap   total 262144K, used 190673K [0x0000000700c00000, 0x0000000800000000)
  region size 1024K, 153 young (156672K), 7 survivors (7168K)
 Metaspace       used 68632K, capacity 69195K, committed 69372K, reserved 1107968K
  class space    used 10063K, capacity 10291K, committed 10316K, reserved 1048576K
}
Event: 9921.562 GC heap after
{Heap after GC invocations=43 (full 0):
 garbage-first heap   total 262144K, used 41010K [0x0000000700c00000, 0x0000000800000000)
  region size 1024K, 7 young (7168K), 7 survivors (7168K)
 Metaspace       used 68632K, capacity 69195K, committed 69372K, reserved 1107968K
  class space    used 10063K, capacity 10291K, committed 10316K, reserved 1048576K
}
Event: 10532.542 GC heap before
{Heap before GC invocations=43 (full 0):
 garbage-first heap   total 262144K, used 190514K [0x0000000700c00000, 0x0000000800000000)
  region size 1024K, 153 young (156672K), 7 survivors (7168K)
 Metaspace       used 68632K, capacity 69195K, committed 69372K, reserved 1107968K
  class space    used 10063K, capacity 10291K, committed 10316K, reserved 1048576K
}
Event: 10532.548 GC heap after
{Heap after GC invocations=44 (full 0):
 garbage-first heap   total 262144K, used 41131K [0x0000000700c00000, 0x0000000800000000)
  region size 1024K, 7 young (7168K), 7 survivors (7168K)
 Metaspace       used 68632K, capacity 69195K, committed 69372K, reserved 1107968K
  class space    used 10063K, capacity 10291K, committed 10316K, reserved 1048576K
}
Event: 11142.183 GC heap before
{Heap before GC invocations=44 (full 0):
 garbage-first heap   total 262144K, used 190635K [0x0000000700c00000, 0x0000000800000000)
  region size 1024K, 153 young (156672K), 7 survivors (7168K)
 Metaspace       used 68633K, capacity 69195K, committed 69372K, reserved 1107968K
  class space    used 10063K, capacity 10291K, committed 10316K, reserved 1048576K
}
Event: 11142.189 GC heap after
{Heap after GC invocations=45 (full 0):
 garbage-first heap   total 262144K, used 41301K [0x0000000700c00000, 0x0000000800000000)
  region size 1024K, 7 young (7168K), 7 survivors (7168K)
 Metaspace       used 68633K, capacity 69195K, committed 69372K, reserved 1107968K
  class space    used 10063K, capacity 10291K, committed 10316K, reserved 1048576K
}
Event: 11754.186 GC heap before
{Heap before GC invocations=45 (full 0):
 garbage-first heap   total 262144K, used 190805K [0x0000000700c00000, 0x0000000800000000)
  region size 1024K, 153 young (156672K), 7 survivors (7168K)
 Metaspace       used 68635K, capacity 69195K, committed 69372K, reserved 1107968K
  class space    used 10063K, capacity 10291K, committed 10316K, reserved 1048576K
}
Event: 11754.191 GC heap after
{Heap after GC invocations=46 (full 0):
 garbage-first heap   total 262144K, used 38629K [0x0000000700c00000, 0x0000000800000000)
  region size 1024K, 5 young (5120K), 5 survivors (5120K)
 Metaspace       used 68635K, capacity 69195K, committed 69372K, reserved 1107968K
  class space    used 10063K, capacity 10291K, committed 10316K, reserved 1048576K
}
Event: 12339.934 GC heap before
{Heap before GC invocations=46 (full 0):
 garbage-first heap   total 262144K, used 189157K [0x0000000700c00000, 0x0000000800000000)
  region size 1024K, 153 young (156672K), 5 survivors (5120K)
 Metaspace       used 70738K, capacity 71424K, committed 71804K, reserved 1110016K
  class space    used 10282K, capacity 10565K, committed 10700K, reserved 1048576K
}
Event: 12339.939 GC heap after
{Heap after GC invocations=47 (full 0):
 garbage-first heap   total 262144K, used 38750K [0x0000000700c00000, 0x0000000800000000)
  region size 1024K, 5 young (5120K), 5 survivors (5120K)
 Metaspace       used 70738K, capacity 71424K, committed 71804K, reserved 1110016K
  class space    used 10282K, capacity 10565K, committed 10700K, reserved 1048576K
}
Event: 12956.163 GC heap before
{Heap before GC invocations=47 (full 0):
 garbage-first heap   total 262144K, used 190302K [0x0000000700c00000, 0x0000000800000000)
  region size 1024K, 153 young (156672K), 5 survivors (5120K)
 Metaspace       used 70838K, capacity 71554K, committed 71804K, reserved 1110016K
  class space    used 10282K, capacity 10565K, committed 10700K, reserved 1048576K
}
Event: 12956.169 GC heap after
{Heap after GC invocations=48 (full 0):
 garbage-first heap   total 262144K, used 38809K [0x0000000700c00000, 0x0000000800000000)
  region size 1024K, 5 young (5120K), 5 survivors (5120K)
 Metaspace       used 70838K, capacity 71554K, committed 71804K, reserved 1110016K
  class space    used 10282K, capacity 10565K, committed 10700K, reserved 1048576K
}
Event: 13456.183 GC heap before
{Heap before GC invocations=48 (full 0):
 garbage-first heap   total 262144K, used 189337K [0x0000000700c00000, 0x0000000800000000)
  region size 1024K, 153 young (156672K), 5 survivors (5120K)
 Metaspace       used 72605K, capacity 73929K, committed 73980K, reserved 1112064K
  class space    used 10599K, capacity 11071K, committed 11084K, reserved 1048576K
}
Event: 13456.188 GC heap after
{Heap after GC invocations=49 (full 0):
 garbage-first heap   total 262144K, used 39372K [0x0000000700c00000, 0x0000000800000000)
  region size 1024K, 6 young (6144K), 6 survivors (6144K)
 Metaspace       used 72605K, capacity 73929K, committed 73980K, reserved 1112064K
  class space    used 10599K, capacity 11071K, committed 11084K, reserved 1048576K
}
Event: 13999.603 GC heap before
{Heap before GC invocations=49 (full 0):
 garbage-first heap   total 262144K, used 188876K [0x0000000700c00000, 0x0000000800000000)
  region size 1024K, 153 young (156672K), 6 survivors (6144K)
 Metaspace       used 73296K, capacity 74814K, committed 75004K, reserved 1114112K
  class space    used 10727K, capacity 11249K, committed 11340K, reserved 1048576K
}
Event: 13999.609 GC heap after
{Heap after GC invocations=50 (full 0):
 garbage-first heap   total 262144K, used 40298K [0x0000000700c00000, 0x0000000800000000)
  region size 1024K, 6 young (6144K), 6 survivors (6144K)
 Metaspace       used 73296K, capacity 74814K, committed 75004K, reserved 1114112K
  class space    used 10727K, capacity 11249K, committed 11340K, reserved 1048576K
}

