# JRE version: OpenJDK Runtime Environment AdoptOpenJDK-dcevm-11.0.11+1-202105021746 (11.0.11+1) (build 11.0.11+1-202105021746)
# Java VM: Dynamic Code Evolution 64-Bit Server VM AdoptOpenJDK-dcevm-11.0.11+1-202105021746 (11.0.11+1-202105021746, mixed mode, tiered, compressed oops, g1 gc, windows-amd64)
Heap:
 garbage-first heap   total 262144K, used 58388K [0x0000000700c00000, 0x0000000800000000)
  region size 1024K, 25 young (25600K), 5 survivors (5120K)
 Metaspace       used 67712K, capacity 68565K, committed 68772K, reserved 1107968K
  class space    used 10040K, capacity 10364K, committed 10368K, reserved 1048576K
GC Heap History (18 events):
Event: 1.207 GC heap before
{Heap before GC invocations=0 (full 0):
 garbage-first heap   total 262144K, used 28672K [0x0000000700c00000, 0x0000000800000000)
  region size 1024K, 24 young (24576K), 0 survivors (0K)
 Metaspace       used 9723K, capacity 9816K, committed 9984K, reserved 1058816K
  class space    used 892K, capacity 947K, committed 1024K, reserved 1048576K
}
Event: 1.213 GC heap after
{Heap after GC invocations=1 (full 0):
 garbage-first heap   total 262144K, used 12448K [0x0000000700c00000, 0x0000000800000000)
  region size 1024K, 3 young (3072K), 3 survivors (3072K)
 Metaspace       used 9723K, capacity 9816K, committed 9984K, reserved 1058816K
  class space    used 892K, capacity 947K, committed 1024K, reserved 1048576K
}
Event: 87.005 GC heap before
{Heap before GC invocations=1 (full 0):
 garbage-first heap   total 262144K, used 84128K [0x0000000700c00000, 0x0000000800000000)
  region size 1024K, 75 young (76800K), 3 survivors (3072K)
 Metaspace       used 20816K, capacity 21019K, committed 21296K, reserved 1067008K
  class space    used 2839K, capacity 2929K, committed 2944K, reserved 1048576K
}
Event: 87.016 GC heap after
{Heap after GC invocations=2 (full 0):
 garbage-first heap   total 262144K, used 15286K [0x0000000700c00000, 0x0000000800000000)
  region size 1024K, 6 young (6144K), 6 survivors (6144K)
 Metaspace       used 20816K, capacity 21019K, committed 21296K, reserved 1067008K
  class space    used 2839K, capacity 2929K, committed 2944K, reserved 1048576K
}
Event: 87.387 GC heap before
{Heap before GC invocations=3 (full 0):
 garbage-first heap   total 262144K, used 36790K [0x0000000700c00000, 0x0000000800000000)
  region size 1024K, 27 young (27648K), 6 survivors (6144K)
 Metaspace       used 23196K, capacity 23525K, committed 23856K, reserved 1069056K
  class space    used 3525K, capacity 3635K, committed 3712K, reserved 1048576K
}
Event: 87.394 GC heap after
{Heap after GC invocations=4 (full 0):
 garbage-first heap   total 262144K, used 16338K [0x0000000700c00000, 0x0000000800000000)
  region size 1024K, 2 young (2048K), 2 survivors (2048K)
 Metaspace       used 23196K, capacity 23525K, committed 23856K, reserved 1069056K
  class space    used 3525K, capacity 3635K, committed 3712K, reserved 1048576K
}
Event: 88.256 GC heap before
{Heap before GC invocations=4 (full 0):
 garbage-first heap   total 262144K, used 96210K [0x0000000700c00000, 0x0000000800000000)
  region size 1024K, 80 young (81920K), 2 survivors (2048K)
 Metaspace       used 31706K, capacity 32052K, committed 32432K, reserved 1077248K
  class space    used 5190K, capacity 5305K, committed 5376K, reserved 1048576K
}
Event: 88.261 GC heap after
{Heap after GC invocations=5 (full 0):
 garbage-first heap   total 262144K, used 19803K [0x0000000700c00000, 0x0000000800000000)
  region size 1024K, 5 young (5120K), 5 survivors (5120K)
 Metaspace       used 31706K, capacity 32052K, committed 32432K, reserved 1077248K
  class space    used 5190K, capacity 5305K, committed 5376K, reserved 1048576K
}
Event: 88.614 GC heap before
{Heap before GC invocations=5 (full 0):
 garbage-first heap   total 262144K, used 42331K [0x0000000700c00000, 0x0000000800000000)
  region size 1024K, 28 young (28672K), 5 survivors (5120K)
 Metaspace       used 35115K, capacity 35447K, committed 35708K, reserved 1079296K
  class space    used 5957K, capacity 6074K, committed 6144K, reserved 1048576K
}
Event: 88.621 GC heap after
{Heap after GC invocations=6 (full 0):
 garbage-first heap   total 262144K, used 20716K [0x0000000700c00000, 0x0000000800000000)
  region size 1024K, 6 young (6144K), 6 survivors (6144K)
 Metaspace       used 35115K, capacity 35447K, committed 35708K, reserved 1079296K
  class space    used 5957K, capacity 6074K, committed 6144K, reserved 1048576K
}
Event: 90.011 GC heap before
{Heap before GC invocations=7 (full 0):
 garbage-first heap   total 262144K, used 149740K [0x0000000700c00000, 0x0000000800000000)
  region size 1024K, 128 young (131072K), 6 survivors (6144K)
 Metaspace       used 50934K, capacity 51401K, committed 51708K, reserved 1093632K
  class space    used 7600K, capacity 7746K, committed 7808K, reserved 1048576K
}
Event: 90.019 GC heap after
{Heap after GC invocations=8 (full 0):
 garbage-first heap   total 262144K, used 26954K [0x0000000700c00000, 0x0000000800000000)
  region size 1024K, 12 young (12288K), 12 survivors (12288K)
 Metaspace       used 50934K, capacity 51401K, committed 51708K, reserved 1093632K
  class space    used 7600K, capacity 7746K, committed 7808K, reserved 1048576K
}
Event: 91.067 GC heap before
{Heap before GC invocations=8 (full 0):
 garbage-first heap   total 262144K, used 127306K [0x0000000700c00000, 0x0000000800000000)
  region size 1024K, 111 young (113664K), 12 survivors (12288K)
 Metaspace       used 59260K, capacity 59799K, committed 59940K, reserved 1099776K
  class space    used 8964K, capacity 9157K, committed 9216K, reserved 1048576K
}
Event: 91.085 GC heap after
{Heap after GC invocations=9 (full 0):
 garbage-first heap   total 262144K, used 34778K [0x0000000700c00000, 0x0000000800000000)
  region size 1024K, 15 young (15360K), 15 survivors (15360K)
 Metaspace       used 59260K, capacity 59799K, committed 59940K, reserved 1099776K
  class space    used 8964K, capacity 9157K, committed 9216K, reserved 1048576K
}
Event: 401.034 GC heap before
{Heap before GC invocations=10 (full 0):
 garbage-first heap   total 262144K, used 168922K [0x0000000700c00000, 0x0000000800000000)
  region size 1024K, 147 young (150528K), 15 survivors (15360K)
 Metaspace       used 67369K, capacity 68155K, committed 68516K, reserved 1107968K
  class space    used 9976K, capacity 10261K, committed 10368K, reserved 1048576K
}
Event: 401.048 GC heap after
{Heap after GC invocations=11 (full 0):
 garbage-first heap   total 262144K, used 38488K [0x0000000700c00000, 0x0000000800000000)
  region size 1024K, 12 young (12288K), 12 survivors (12288K)
 Metaspace       used 67369K, capacity 68155K, committed 68516K, reserved 1107968K
  class space    used 9976K, capacity 10261K, committed 10368K, reserved 1048576K
}
Event: 972.817 GC heap before
{Heap before GC invocations=11 (full 0):
 garbage-first heap   total 262144K, used 180824K [0x0000000700c00000, 0x0000000800000000)
  region size 1024K, 151 young (154624K), 12 survivors (12288K)
 Metaspace       used 67377K, capacity 68155K, committed 68516K, reserved 1107968K
  class space    used 9976K, capacity 10261K, committed 10368K, reserved 1048576K
}
Event: 972.831 GC heap after
{Heap after GC invocations=12 (full 0):
 garbage-first heap   total 262144K, used 38932K [0x0000000700c00000, 0x0000000800000000)
  region size 1024K, 5 young (5120K), 5 survivors (5120K)
 Metaspace       used 67377K, capacity 68155K, committed 68516K, reserved 1107968K
  class space    used 9976K, capacity 10261K, committed 10368K, reserved 1048576K
}

