# JRE version: OpenJDK Runtime Environment AdoptOpenJDK-dcevm-11.0.11+1-202105021746 (11.0.11+1) (build 11.0.11+1-202105021746)
# Java VM: Dynamic Code Evolution 64-Bit Server VM AdoptOpenJDK-dcevm-11.0.11+1-202105021746 (11.0.11+1-202105021746, mixed mode, tiered, compressed oops, g1 gc, windows-amd64)
Heap:
 garbage-first heap   total 262144K, used 65519K [0x0000000700c00000, 0x0000000800000000)
  region size 1024K, 33 young (33792K), 8 survivors (8192K)
 Metaspace       used 73641K, capacity 76520K, committed 76876K, reserved 1114112K
  class space    used 11011K, capacity 12561K, committed 12672K, reserved 1048576K
GC Heap History (20 events):
Event: 19.003 GC heap before
{Heap before GC invocations=5 (full 0):
 garbage-first heap   total 262144K, used 104104K [0x0000000700c00000, 0x0000000800000000)
  region size 1024K, 90 young (92160K), 6 survivors (6144K)
 Metaspace       used 35319K, capacity 35677K, committed 35840K, reserved 1079296K
  class space    used 5995K, capacity 6108K, committed 6144K, reserved 1048576K
}
Event: 19.013 GC heap after
{Heap after GC invocations=6 (full 0):
 garbage-first heap   total 262144K, used 22070K [0x0000000700c00000, 0x0000000800000000)
  region size 1024K, 9 young (9216K), 9 survivors (9216K)
 Metaspace       used 35319K, capacity 35677K, committed 35840K, reserved 1079296K
  class space    used 5995K, capacity 6108K, committed 6144K, reserved 1048576K
}
Event: 19.034 GC heap before
{Heap before GC invocations=6 (full 0):
 garbage-first heap   total 262144K, used 36406K [0x0000000700c00000, 0x0000000800000000)
  region size 1024K, 24 young (24576K), 9 survivors (9216K)
 Metaspace       used 35345K, capacity 35677K, committed 35840K, reserved 1079296K
  class space    used 5996K, capacity 6108K, committed 6144K, reserved 1048576K
}
Event: 19.049 GC heap after
{Heap after GC invocations=7 (full 0):
 garbage-first heap   total 262144K, used 23928K [0x0000000700c00000, 0x0000000800000000)
  region size 1024K, 10 young (10240K), 10 survivors (10240K)
 Metaspace       used 35345K, capacity 35677K, committed 35840K, reserved 1079296K
  class space    used 5996K, capacity 6108K, committed 6144K, reserved 1048576K
}
Event: 20.495 GC heap before
{Heap before GC invocations=8 (full 0):
 garbage-first heap   total 262144K, used 172408K [0x0000000700c00000, 0x0000000800000000)
  region size 1024K, 153 young (156672K), 10 survivors (10240K)
 Metaspace       used 56334K, capacity 56763K, committed 56960K, reserved 1097728K
  class space    used 8573K, capacity 8717K, committed 8832K, reserved 1048576K
}
Event: 20.516 GC heap after
{Heap after GC invocations=9 (full 0):
 garbage-first heap   total 262144K, used 35575K [0x0000000700c00000, 0x0000000800000000)
  region size 1024K, 20 young (20480K), 20 survivors (20480K)
 Metaspace       used 56334K, capacity 56763K, committed 56960K, reserved 1097728K
  class space    used 8573K, capacity 8717K, committed 8832K, reserved 1048576K
}
Event: 20.912 GC heap before
{Heap before GC invocations=9 (full 0):
 garbage-first heap   total 262144K, used 86775K [0x0000000700c00000, 0x0000000800000000)
  region size 1024K, 71 young (72704K), 20 survivors (20480K)
 Metaspace       used 59615K, capacity 60152K, committed 60160K, reserved 1099776K
  class space    used 9024K, capacity 9212K, committed 9216K, reserved 1048576K
}
Event: 20.930 GC heap after
{Heap after GC invocations=10 (full 0):
 garbage-first heap   total 262144K, used 38854K [0x0000000700c00000, 0x0000000800000000)
  region size 1024K, 6 young (6144K), 6 survivors (6144K)
 Metaspace       used 59615K, capacity 60152K, committed 60160K, reserved 1099776K
  class space    used 9024K, capacity 9212K, committed 9216K, reserved 1048576K
}
Event: 302.807 GC heap before
{Heap before GC invocations=11 (full 0):
 garbage-first heap   total 262144K, used 151494K [0x0000000700c00000, 0x0000000800000000)
  region size 1024K, 117 young (119808K), 6 survivors (6144K)
 Metaspace       used 66467K, capacity 67156K, committed 67532K, reserved 1105920K
  class space    used 9858K, capacity 10113K, committed 10240K, reserved 1048576K
}
Event: 302.815 GC heap after
{Heap after GC invocations=12 (full 0):
 garbage-first heap   total 262144K, used 39610K [0x0000000700c00000, 0x0000000800000000)
  region size 1024K, 6 young (6144K), 6 survivors (6144K)
 Metaspace       used 66467K, capacity 67156K, committed 67532K, reserved 1105920K
  class space    used 9858K, capacity 10113K, committed 10240K, reserved 1048576K
}
Event: 798.054 GC heap before
{Heap before GC invocations=12 (full 0):
 garbage-first heap   total 262144K, used 163514K [0x0000000700c00000, 0x0000000800000000)
  region size 1024K, 127 young (130048K), 6 survivors (6144K)
 Metaspace       used 66471K, capacity 67156K, committed 67532K, reserved 1105920K
  class space    used 9858K, capacity 10113K, committed 10240K, reserved 1048576K
}
Event: 798.063 GC heap after
{Heap after GC invocations=13 (full 0):
 garbage-first heap   total 262144K, used 39787K [0x0000000700c00000, 0x0000000800000000)
  region size 1024K, 7 young (7168K), 7 survivors (7168K)
 Metaspace       used 66471K, capacity 67156K, committed 67532K, reserved 1105920K
  class space    used 9858K, capacity 10113K, committed 10240K, reserved 1048576K
}
Event: 1193.976 GC heap before
{Heap before GC invocations=13 (full 0):
 garbage-first heap   total 262144K, used 170859K [0x0000000700c00000, 0x0000000800000000)
  region size 1024K, 136 young (139264K), 7 survivors (7168K)
 Metaspace       used 69239K, capacity 70510K, committed 70860K, reserved 1110016K
  class space    used 10259K, capacity 10888K, committed 11008K, reserved 1048576K
}
Event: 1193.988 GC heap after
{Heap after GC invocations=14 (full 0):
 garbage-first heap   total 262144K, used 40475K [0x0000000700c00000, 0x0000000800000000)
  region size 1024K, 7 young (7168K), 7 survivors (7168K)
 Metaspace       used 69239K, capacity 70510K, committed 70860K, reserved 1110016K
  class space    used 10259K, capacity 10888K, committed 11008K, reserved 1048576K
}
Event: 1554.676 GC heap before
{Heap before GC invocations=14 (full 0):
 garbage-first heap   total 262144K, used 179739K [0x0000000700c00000, 0x0000000800000000)
  region size 1024K, 143 young (146432K), 7 survivors (7168K)
 Metaspace       used 71720K, capacity 73947K, committed 74060K, reserved 1112064K
  class space    used 10659K, capacity 11881K, committed 11904K, reserved 1048576K
}
Event: 1554.685 GC heap after
{Heap after GC invocations=15 (full 0):
 garbage-first heap   total 262144K, used 40634K [0x0000000700c00000, 0x0000000800000000)
  region size 1024K, 7 young (7168K), 7 survivors (7168K)
 Metaspace       used 71720K, capacity 73947K, committed 74060K, reserved 1112064K
  class space    used 10659K, capacity 11881K, committed 11904K, reserved 1048576K
}
Event: 2097.558 GC heap before
{Heap before GC invocations=15 (full 0):
 garbage-first heap   total 262144K, used 186042K [0x0000000700c00000, 0x0000000800000000)
  region size 1024K, 149 young (152576K), 7 survivors (7168K)
 Metaspace       used 72313K, capacity 74659K, committed 74828K, reserved 1112064K
  class space    used 10771K, capacity 12090K, committed 12160K, reserved 1048576K
}
Event: 2097.568 GC heap after
{Heap after GC invocations=16 (full 0):
 garbage-first heap   total 262144K, used 40929K [0x0000000700c00000, 0x0000000800000000)
  region size 1024K, 8 young (8192K), 8 survivors (8192K)
 Metaspace       used 72313K, capacity 74659K, committed 74828K, reserved 1112064K
  class space    used 10771K, capacity 12090K, committed 12160K, reserved 1048576K
}
Event: 2600.022 GC heap before
{Heap before GC invocations=16 (full 0):
 garbage-first heap   total 262144K, used 189409K [0x0000000700c00000, 0x0000000800000000)
  region size 1024K, 153 young (156672K), 8 survivors (8192K)
 Metaspace       used 73311K, capacity 76062K, committed 76236K, reserved 1114112K
  class space    used 10926K, capacity 12430K, committed 12544K, reserved 1048576K
}
Event: 2600.033 GC heap after
{Heap after GC invocations=17 (full 0):
 garbage-first heap   total 262144K, used 40943K [0x0000000700c00000, 0x0000000800000000)
  region size 1024K, 8 young (8192K), 8 survivors (8192K)
 Metaspace       used 73311K, capacity 76062K, committed 76236K, reserved 1114112K
  class space    used 10926K, capacity 12430K, committed 12544K, reserved 1048576K
}

